/usr/local/opt/rbenv/versions/2.1.5/bin/ruby -r ./siteconf20160103-675-1gcblr0.rb extconf.rb
checking for ffi_call() in -lffi... yes
checking for ffi_prep_closure()... yes
checking for ffi_raw_call()... yes
checking for ffi_prep_raw_closure()... yes
checking for rb_thread_blocking_region()... yes
checking for rb_thread_call_with_gvl()... yes
checking for rb_thread_call_without_gvl()... yes
checking for ffi_prep_cif_var()... yes
creating extconf.h
creating Makefile

make "DESTDIR=" clean

make "DESTDIR="
compiling ffi.c
compiling Call.c
compiling LastError.c
compiling DataConverter.c
compiling StructByValue.c
compiling Types.c
compiling Thread.c
compiling AbstractMemory.c
compiling DynamicLibrary.c
compiling MemoryPointer.c
compiling MethodHandle.c
compiling Platform.c
compiling Type.c
compiling FunctionInfo.c
compiling MappedType.c
compiling Function.c
compiling ArrayType.c
compiling Pointer.c
compiling Variadic.c
compiling StructByReference.c
compiling ClosurePool.c
compiling Buffer.c
compiling Struct.c
compiling LongDouble.c
compiling StructLayout.c
linking shared-object ffi_c.so

make "DESTDIR=" install
/usr/bin/install -c -m 0755 ffi_c.so ./.gem.20160103-675-1wi4r5s
installing default ffi_c libraries
